[    0.000000] Initializing cgroup subsys cpuset
[    0.000000] Initializing cgroup subsys cpu
[    0.000000] Initializing cgroup subsys cpuacct
[    0.000000] Linux version 4.4.0-176-generic (buildd@lgw01-amd64-035) (gcc version 5.4.0 20160609 (Ubuntu 5.4.0-6ubuntu1~16.04.12) ) #206-Ubuntu SMP Fri Feb 28 05:02:04 UTC 2020 (Ubuntu 4.4.0-176.206-generic 4.4.211)
[    0.000000] Command line: BOOT_IMAGE=/boot/vmlinuz-4.4.0-176-generic root=LABEL=cloudimg-rootfs ro console=tty1 console=ttyS0
[    0.000000] KERNEL supported cpus:
[    0.000000]   Intel GenuineIntel
[    0.000000]   AMD AuthenticAMD
[    0.000000]   Centaur CentaurHauls
[    0.000000] x86/fpu: xstate_offset[2]:  576, xstate_sizes[2]:  256
[    0.000000] x86/fpu: Supporting XSAVE feature 0x01: 'x87 floating point registers'
[    0.000000] x86/fpu: Supporting XSAVE feature 0x02: 'SSE registers'
[    0.000000] x86/fpu: Supporting XSAVE feature 0x04: 'AVX registers'
[    0.000000] x86/fpu: Enabled xstate features 0x7, context size is 832 bytes, using 'standard' format.
[    0.000000] e820: BIOS-provided physical RAM map:
[    0.000000] BIOS-e820: [mem 0x0000000000000000-0x000000000009fbff] usable
[    0.000000] BIOS-e820: [mem 0x000000000009fc00-0x000000000009ffff] reserved
[    0.000000] BIOS-e820: [mem 0x00000000000f0000-0x00000000000fffff] reserved
[    0.000000] BIOS-e820: [mem 0x0000000000100000-0x000000003ffeffff] usable
[    0.000000] BIOS-e820: [mem 0x000000003fff0000-0x000000003fffffff] ACPI data
[    0.000000] BIOS-e820: [mem 0x00000000fec00000-0x00000000fec00fff] reserved
[    0.000000] BIOS-e820: [mem 0x00000000fee00000-0x00000000fee00fff] reserved
[    0.000000] BIOS-e820: [mem 0x00000000fffc0000-0x00000000ffffffff] reserved
[    0.000000] NX (Execute Disable) protection: active
[    0.000000] SMBIOS 2.5 present.
[    0.000000] Hypervisor detected: KVM
[    0.000000] e820: last_pfn = 0x3fff0 max_arch_pfn = 0x400000000
[    0.000000] MTRR: Disabled
[    0.000000] x86/PAT: MTRRs disabled, skipping PAT initialization too.
[    0.000000] CPU MTRRs all blank - virtualized system.
[    0.000000] x86/PAT: Configuration [0-7]: WB  WT  UC- UC  WB  WT  UC- UC  
[    0.000000] found SMP MP-table at [mem 0x0009fff0-0x0009ffff] mapped at [ffff88000009fff0]
[    0.000000] Scanning 1 areas for low memory corruption
[    0.000000] RAMDISK: [mem 0x362e0000-0x37167fff]
[    0.000000] ACPI: Early table checksum verification disabled
[    0.000000] ACPI: RSDP 0x00000000000E0000 000024 (v02 VBOX  )
[    0.000000] ACPI: XSDT 0x000000003FFF0030 00003C (v01 VBOX   VBOXXSDT 00000001 ASL  00000061)
[    0.000000] ACPI: FACP 0x000000003FFF00F0 0000F4 (v04 VBOX   VBOXFACP 00000001 ASL  00000061)
[    0.000000] ACPI: DSDT 0x000000003FFF0470 002325 (v02 VBOX   VBOXBIOS 00000002 INTL 20100528)
[    0.000000] ACPI: FACS 0x000000003FFF0200 000040
[    0.000000] ACPI: FACS 0x000000003FFF0200 000040
[    0.000000] ACPI: APIC 0x000000003FFF0240 00005C (v02 VBOX   VBOXAPIC 00000001 ASL  00000061)
[    0.000000] ACPI: SSDT 0x000000003FFF02A0 0001CC (v01 VBOX   VBOXCPUT 00000002 INTL 20100528)
[    0.000000] No NUMA configuration found
[    0.000000] Faking a node at [mem 0x0000000000000000-0x000000003ffeffff]
[    0.000000] NODE_DATA(0) allocated [mem 0x3ffeb000-0x3ffeffff]
[    0.000000] kvm-clock: Using msrs 4b564d01 and 4b564d00
[    0.000000] kvm-clock: cpu 0, msr 0:3ffe3001, primary cpu clock
[    0.000000] kvm-clock: using sched offset of 10248632621 cycles
[    0.000000] clocksource: kvm-clock: mask: 0xffffffffffffffff max_cycles: 0x1cd42e4dffb, max_idle_ns: 881590591483 ns
[    0.000000] Zone ranges:
[    0.000000]   DMA      [mem 0x0000000000001000-0x0000000000ffffff]
[    0.000000]   DMA32    [mem 0x0000000001000000-0x000000003ffeffff]
[    0.000000]   Normal   empty
[    0.000000]   Device   empty
[    0.000000] Movable zone start for each node
[    0.000000] Early memory node ranges
[    0.000000]   node   0: [mem 0x0000000000001000-0x000000000009efff]
[    0.000000]   node   0: [mem 0x0000000000100000-0x000000003ffeffff]
[    0.000000] Initmem setup node 0 [mem 0x0000000000001000-0x000000003ffeffff]
[    0.000000] ACPI: PM-Timer IO Port: 0x4008
[    0.000000] IOAPIC[0]: apic_id 2, version 32, address 0xfec00000, GSI 0-23
[    0.000000] ACPI: INT_SRC_OVR (bus 0 bus_irq 0 global_irq 2 dfl dfl)
[    0.000000] ACPI: INT_SRC_OVR (bus 0 bus_irq 9 global_irq 9 low level)
[    0.000000] Using ACPI (MADT) for SMP configuration information
[    0.000000] smpboot: Allowing 2 CPUs, 0 hotplug CPUs
[    0.000000] PM: Registered nosave memory: [mem 0x00000000-0x00000fff]
[    0.000000] PM: Registered nosave memory: [mem 0x0009f000-0x0009ffff]
[    0.000000] PM: Registered nosave memory: [mem 0x000a0000-0x000effff]
[    0.000000] PM: Registered nosave memory: [mem 0x000f0000-0x000fffff]
[    0.000000] e820: [mem 0x40000000-0xfebfffff] available for PCI devices
[    0.000000] Booting paravirtualized kernel on KVM
[    0.000000] clocksource: refined-jiffies: mask: 0xffffffff max_cycles: 0xffffffff, max_idle_ns: 7645519600211568 ns
[    0.000000] setup_percpu: NR_CPUS:512 nr_cpumask_bits:512 nr_cpu_ids:2 nr_node_ids:1
[    0.000000] PERCPU: Embedded 33 pages/cpu @ffff88003fc00000 s95448 r8192 d31528 u1048576
[    0.000000] Built 1 zonelists in Node order, mobility grouping on.  Total pages: 257912
[    0.000000] Policy zone: DMA32
[    0.000000] Kernel command line: BOOT_IMAGE=/boot/vmlinuz-4.4.0-176-generic root=LABEL=cloudimg-rootfs ro console=tty1 console=ttyS0
[    0.000000] PID hash table entries: 4096 (order: 3, 32768 bytes)
[    0.000000] Memory: 997672K/1048120K available (8626K kernel code, 1336K rwdata, 4032K rodata, 1488K init, 1292K bss, 50448K reserved, 0K cma-reserved)
[    0.000000] SLUB: HWalign=64, Order=0-3, MinObjects=0, CPUs=2, Nodes=1
[    0.000000] Kernel/User page tables isolation: enabled
[    0.000000] Hierarchical RCU implementation.
[    0.000000] 	Build-time adjustment of leaf fanout to 64.
[    0.000000] 	RCU restricting CPUs from NR_CPUS=512 to nr_cpu_ids=2.
[    0.000000] RCU: Adjusting geometry for rcu_fanout_leaf=64, nr_cpu_ids=2
[    0.000000] NR_IRQS:33024 nr_irqs:440 16
[    0.000000] Console: colour VGA+ 80x25
[    0.000000] console [tty1] enabled
[    0.000000] console [ttyS0] enabled
[    0.000000] tsc: Detected 1599.999 MHz processor
[    0.677452] Calibrating delay loop (skipped) preset value.. 3199.99 BogoMIPS (lpj=6399996)
[    0.680788] pid_max: default: 32768 minimum: 301
[    0.682657] ACPI: Core revision 20150930
[    0.685344] ACPI: 2 ACPI AML tables successfully acquired and loaded
[    0.691509] Security Framework initialized
[    0.693420] Yama: becoming mindful.
[    0.694787] AppArmor: AppArmor initialized
[    0.696729] Dentry cache hash table entries: 131072 (order: 8, 1048576 bytes)
[    0.701058] Inode-cache hash table entries: 65536 (order: 7, 524288 bytes)
[    0.705265] Mount-cache hash table entries: 2048 (order: 2, 16384 bytes)
[    0.709663] Mountpoint-cache hash table entries: 2048 (order: 2, 16384 bytes)
[    0.712598] Initializing cgroup subsys io
[    0.714123] Initializing cgroup subsys memory
[    0.715866] Initializing cgroup subsys devices
[    0.717990] Initializing cgroup subsys freezer
[    0.721072] Initializing cgroup subsys net_cls
[    0.725215] Initializing cgroup subsys perf_event
[    0.727022] Initializing cgroup subsys net_prio
[    0.729309] Initializing cgroup subsys hugetlb
[    0.730928] Initializing cgroup subsys pids
[    0.733795] mce: CPU supports 0 MCE banks
[    0.735488] Last level iTLB entries: 4KB 64, 2MB 8, 4MB 8
[    0.739378] Last level dTLB entries: 4KB 64, 2MB 0, 4MB 0, 1GB 4
[    0.743079] Spectre V1 : Mitigation: usercopy/swapgs barriers and __user pointer sanitization
[    0.746412] Spectre V2 : Mitigation: Full generic retpoline
[    0.748533] Spectre V2 : Spectre v2 / SpectreRSB mitigation: Filling RSB on context switch
[    0.751724] Speculative Store Bypass: Vulnerable
[    0.760534] MDS: Mitigation: Clear CPU buffers
[    0.767087] Freeing SMP alternatives memory: 36K
[    0.780989] ftrace: allocating 32305 entries in 127 pages
[    0.895620] smpboot: APIC(0) Converting physical 0 to logical package 0
[    0.897940] smpboot: Max logical packages: 1
[    0.899775] x2apic enabled
[    0.901341] Switched APIC routing to physical x2apic.
[    0.904464] ..TIMER: vector=0x30 apic1=0 pin1=2 apic2=-1 pin2=-1
[    1.014762] smpboot: CPU0: Intel(R) Core(TM) i5-5250U CPU @ 1.60GHz (family: 0x6, model: 0x3d, stepping: 0x4)
[    1.018965] Performance Events: unsupported p6 CPU model 61 no PMU driver, software events only.
[    1.035880] KVM setup paravirtual spinlock
[    1.038097] x86: Booting SMP configuration:
[    1.040151] .... node  #0, CPUs:      #1
[    1.042000] kvm-clock: cpu 1, msr 0:3ffe3041, secondary cpu clock
[    1.045370] mce: CPU supports 0 MCE banks
[    1.049011] x86: Booted up 1 node, 2 CPUs
[    1.050822] smpboot: Total of 2 processors activated (6399.99 BogoMIPS)
[    1.053448] devtmpfs: initialized
[    1.056394] evm: security.selinux
[    1.057929] evm: security.SMACK64
[    1.059604] evm: security.SMACK64EXEC
[    1.060879] evm: security.SMACK64TRANSMUTE
[    1.062416] evm: security.SMACK64MMAP
[    1.063818] evm: security.ima
[    1.064916] evm: security.capability
[    1.066384] clocksource: jiffies: mask: 0xffffffff max_cycles: 0xffffffff, max_idle_ns: 7645041785100000 ns
[    1.070441] futex hash table entries: 512 (order: 3, 32768 bytes)
[    1.072539] pinctrl core: initialized pinctrl subsystem
[    1.074405] RTC time: 15:53:41, date: 04/23/20
[    1.076694] NET: Registered protocol family 16
[    1.090938] cpuidle: using governor ladder
[    1.102421] cpuidle: using governor menu
[    1.104961] PCCT header not found.
[    1.106854] ACPI: bus type PCI registered
[    1.108538] acpiphp: ACPI Hot Plug PCI Controller Driver version: 0.5
[    1.111179] PCI: Using configuration type 1 for base access
[    1.128147] ACPI: Added _OSI(Module Device)
[    1.130065] ACPI: Added _OSI(Processor Device)
[    1.132345] ACPI: Added _OSI(3.0 _SCP Extensions)
[    1.134598] ACPI: Added _OSI(Processor Aggregator Device)
[    1.139022] ACPI: Executed 1 blocks of module-level executable AML code
[    1.146435] ACPI: Interpreter enabled
[    1.148213] ACPI: (supports S0 S5)
[    1.150341] ACPI: Using IOAPIC for interrupt routing
[    1.152970] PCI: Using host bridge windows from ACPI; if necessary, use "pci=nocrs" and report a bug
[    1.165104] ACPI: PCI Root Bridge [PCI0] (domain 0000 [bus 00-ff])
[    1.167887] acpi PNP0A03:00: _OSC: OS supports [ASPM ClockPM Segments MSI]
[    1.170685] acpi PNP0A03:00: _OSC: not requesting OS control; OS requires [ExtendedConfig ASPM ClockPM MSI]
[    1.174719] acpi PNP0A03:00: fail to add MMCONFIG information, can't access extended PCI configuration space under this bridge.
[    1.179191] PCI host bridge to bus 0000:00
[    1.180542] pci_bus 0000:00: root bus resource [io  0x0000-0x0cf7 window]
[    1.182894] pci_bus 0000:00: root bus resource [io  0x0d00-0xffff window]
[    1.185185] pci_bus 0000:00: root bus resource [mem 0x000a0000-0x000bffff window]
[    1.187568] pci_bus 0000:00: root bus resource [mem 0x40000000-0xfdffffff window]
[    1.191911] pci_bus 0000:00: root bus resource [bus 00-ff]
[    1.199160] pci 0000:00:01.1: legacy IDE quirk: reg 0x10: [io  0x01f0-0x01f7]
[    1.202394] pci 0000:00:01.1: legacy IDE quirk: reg 0x14: [io  0x03f6]
[    1.205098] pci 0000:00:01.1: legacy IDE quirk: reg 0x18: [io  0x0170-0x0177]
[    1.208859] pci 0000:00:01.1: legacy IDE quirk: reg 0x1c: [io  0x0376]
[    1.252584] pci 0000:00:07.0: quirk: [io  0x4000-0x403f] claimed by PIIX4 ACPI
[    1.255805] pci 0000:00:07.0: quirk: [io  0x4100-0x410f] claimed by PIIX4 SMB
[    1.276356] ACPI: PCI Interrupt Link [LNKA] (IRQs 5 9 10 *11)
[    1.280009] ACPI: PCI Interrupt Link [LNKB] (IRQs 5 9 *10 11)
[    1.282730] ACPI: PCI Interrupt Link [LNKC] (IRQs 5 *9 10 11)
[    1.285047] ACPI: PCI Interrupt Link [LNKD] (IRQs 5 9 10 *11)
[    1.287447] ACPI: Enabled 2 GPEs in block 00 to 07
[    1.290076] vgaarb: setting as boot device: PCI:0000:00:02.0
[    1.292368] vgaarb: device added: PCI:0000:00:02.0,decodes=io+mem,owns=io+mem,locks=none
[    1.295001] vgaarb: loaded
[    1.296306] vgaarb: bridge control possible 0000:00:02.0
[    1.299569] SCSI subsystem initialized
[    1.302256] ACPI: bus type USB registered
[    1.304447] usbcore: registered new interface driver usbfs
[    1.306859] usbcore: registered new interface driver hub
[    1.309878] usbcore: registered new device driver usb
[    1.313616] PCI: Using ACPI for IRQ routing
[    1.317323] NetLabel: Initializing
[    1.318922] NetLabel:  domain hash size = 128
[    1.320465] NetLabel:  protocols = UNLABELED CIPSOv4
[    1.322328] NetLabel:  unlabeled traffic allowed by default
[    1.324846] amd_nb: Cannot enumerate AMD northbridges
[    1.326934] clocksource: Switched to clocksource kvm-clock
[    1.339847] AppArmor: AppArmor Filesystem Enabled
[    1.342157] pnp: PnP ACPI init
[    1.344780] pnp: PnP ACPI: found 3 devices
[    1.359934] clocksource: acpi_pm: mask: 0xffffff max_cycles: 0xffffff, max_idle_ns: 2085701024 ns
[    1.362958] NET: Registered protocol family 2
[    1.365665] TCP established hash table entries: 8192 (order: 4, 65536 bytes)
[    1.367801] TCP bind hash table entries: 8192 (order: 5, 131072 bytes)
[    1.371473] TCP: Hash tables configured (established 8192 bind 8192)
[    1.374083] UDP hash table entries: 512 (order: 2, 16384 bytes)
[    1.376812] UDP-Lite hash table entries: 512 (order: 2, 16384 bytes)
[    1.380902] NET: Registered protocol family 1
[    1.383478] pci 0000:00:00.0: Limiting direct PCI/PCI transfers
[    1.386726] pci 0000:00:01.0: Activating ISA DMA hang workarounds
[    1.389582] Unpacking initramfs...
[    1.743563] Freeing initrd memory: 14880K
[    1.745623] RAPL PMU detected, API unit is 2^-32 Joules, 4 fixed counters 10737418240 ms ovfl timer
[    1.748779] hw unit of domain pp0-core 2^-0 Joules
[    1.750655] hw unit of domain package 2^-0 Joules
[    1.752286] hw unit of domain dram 2^-0 Joules
[    1.753856] hw unit of domain pp1-gpu 2^-0 Joules
[    1.755839] clocksource: tsc: mask: 0xffffffffffffffff max_cycles: 0x171023f09ff, max_idle_ns: 440795233615 ns
[    1.761973] platform rtc_cmos: registered platform RTC device (no PNP device found)
[    1.766334] Scanning for low memory corruption every 60 seconds
[    1.769450] audit: initializing netlink subsys (disabled)
[    1.772695] audit: type=2000 audit(1587657233.268:1): initialized
[    1.775945] Initialise system trusted keyring
[    1.778704] HugeTLB registered 2 MB page size, pre-allocated 0 pages
[    1.783776] zbud: loaded
[    1.785709] VFS: Disk quotas dquot_6.6.0
[    1.788031] VFS: Dquot-cache hash table entries: 512 (order 0, 4096 bytes)
[    1.792632] squashfs: version 4.0 (2009/01/31) Phillip Lougher
[    1.796257] fuse init (API version 7.23)
[    1.798545] Key type big_key registered
[    1.801004] Allocating IMA MOK and blacklist keyrings.
[    1.813829] Key type asymmetric registered
[    1.817517] Asymmetric key parser 'x509' registered
[    1.823068] Block layer SCSI generic (bsg) driver version 0.4 loaded (major 249)
[    1.825892] io scheduler noop registered
[    1.827447] io scheduler deadline registered (default)
[    1.829321] io scheduler cfq registered
[    1.830825] pci_hotplug: PCI Hot Plug PCI Core version: 0.5
[    1.832940] pciehp: PCI Express Hot Plug Controller Driver version: 0.4
[    1.836276] ACPI: AC Adapter [AC] (off-line)
[    1.839718] input: Power Button as /devices/LNXSYSTM:00/LNXPWRBN:00/input/input0
[    1.842662] ACPI: Power Button [PWRF]
[    1.844276] input: Sleep Button as /devices/LNXSYSTM:00/LNXSLPBN:00/input/input1
[    1.847184] ACPI: Sleep Button [SLPF]
[    1.850792] ACPI: Battery Slot [BAT0] (battery present)
[    1.853114] GHES: HEST is not enabled!
[    1.854683] Serial: 8250/16550 driver, 32 ports, IRQ sharing enabled
[    1.878330] 00:02: ttyS0 at I/O 0x3f8 (irq = 4, base_baud = 115200) is a 16550A
[    1.883364] Linux agpgart interface v0.103
[    1.887816] loop: module loaded
[    1.890182] scsi host0: ata_piix
[    1.891931] scsi host1: ata_piix
[    1.893770] ata1: PATA max UDMA/33 cmd 0x1f0 ctl 0x3f6 bmdma 0xd000 irq 14
[    1.896438] ata2: PATA max UDMA/33 cmd 0x170 ctl 0x376 bmdma 0xd008 irq 15
[    1.899673] libphy: Fixed MDIO Bus: probed
[    1.901300] tun: Universal TUN/TAP device driver, 1.6
[    1.902812] tun: (C) 1999-2004 Max Krasnyansky <maxk@qualcomm.com>
[    1.905328] PPP generic driver version 2.4.2
[    1.906737] ehci_hcd: USB 2.0 'Enhanced' Host Controller (EHCI) Driver
[    1.908732] ehci-pci: EHCI PCI platform driver
[    1.910524] ehci-platform: EHCI generic platform driver
[    1.912162] ohci_hcd: USB 1.1 'Open' Host Controller (OHCI) Driver
[    1.914450] ohci-pci: OHCI PCI platform driver
[    1.916590] ohci-platform: OHCI generic platform driver
[    1.918380] uhci_hcd: USB Universal Host Controller Interface driver
[    1.920722] i8042: PNP: PS/2 Controller [PNP0303:PS2K,PNP0f03:PS2M] at 0x60,0x64 irq 1,12
[    1.924619] serio: i8042 KBD port at 0x60,0x64 irq 1
[    1.926430] serio: i8042 AUX port at 0x60,0x64 irq 12
[    1.928413] mousedev: PS/2 mouse device common for all mice
[    1.931037] rtc_cmos rtc_cmos: rtc core: registered rtc_cmos as rtc0
[    1.933103] rtc_cmos rtc_cmos: alarms up to one day, 114 bytes nvram
[    1.935358] input: AT Translated Set 2 keyboard as /devices/platform/i8042/serio0/input/input2
[    1.938299] i2c /dev entries driver
[    1.940016] device-mapper: uevent: version 1.0.3
[    1.941630] device-mapper: ioctl: 4.34.0-ioctl (2015-10-28) initialised: dm-devel@redhat.com
[    1.944313] ledtrig-cpu: registered to indicate activity on CPUs
[    1.946875] NET: Registered protocol family 10
[    1.948779] NET: Registered protocol family 17
[    1.950181] Key type dns_resolver registered
[    1.952114] registered taskstats version 1
[    1.953476] Loading compiled-in X.509 certificates
[    1.955855] Loaded X.509 cert 'Build time autogenerated kernel key: c2b7431ed9258328a3a0cf301f850647788d8e61'
[    1.959121] zswap: loaded using pool lzo/zbud
[    1.963082] Key type trusted registered
[    1.969173] Key type encrypted registered
[    1.970598] AppArmor: AppArmor sha1 policy hashing enabled
[    1.972471] ima: No TPM chip found, activating TPM-bypass!
[    1.974806] ima: Allocated hash algorithm: sha1
[    1.976611] evm: HMAC attrs: 0x1
[    1.978396]   Magic number: 0:646:892
[    1.980179] rtc_cmos rtc_cmos: setting system clock to 2020-04-23 15:53:42 UTC (1587657222)
[    1.983360] BIOS EDD facility v0.16 2004-Jun-25, 0 devices found
[    1.985584] EDD information not available.
[    2.781490] Freeing unused kernel memory: 1488K
[    3.744043] Write protecting the kernel read-only data: 14336k
[    3.749067] Freeing unused kernel memory: 1604K
[    3.751218] Freeing unused kernel memory: 64K
Loading, please wait...
starting version 229
[    3.836687] random: udevadm: uninitialized urandom read (16 bytes read, 5 bits of entropy available)
[    3.837485] random: systemd-udevd: uninitialized urandom read (16 bytes read, 5 bits of entropy available)
[    3.837584] random: systemd-udevd: uninitialized urandom read (16 bytes read, 5 bits of entropy available)
[    3.837597] random: systemd-udevd: uninitialized urandom read (16 bytes read, 5 bits of entropy available)
[    3.837612] random: systemd-udevd: uninitialized urandom read (16 bytes read, 5 bits of entropy available)
[    3.912722] random: udevadm: uninitialized urandom read (16 bytes read, 5 bits of entropy available)
[    3.928540] random: systemd-udevd: uninitialized urandom read (16 bytes read, 5 bits of entropy available)
[    3.934457] random: systemd-udevd: uninitialized urandom read (16 bytes read, 5 bits of entropy available)
[    3.946843] random: udevadm: uninitialized urandom read (16 bytes read, 5 bits of entropy available)
[    3.946916] random: udevadm: uninitialized urandom read (16 bytes read, 5 bits of entropy available)
[    4.268277] e1000: Intel(R) PRO/1000 Network Driver - version 7.3.21-k8-NAPI
[    4.285257] e1000: Copyright (c) 1999-2006 Intel Corporation.
[    4.310453] Fusion MPT base driver 3.04.20
[    4.331282] Copyright (c) 1999-2008 LSI Corporation
[    4.441632] Fusion MPT SPI Host driver 3.04.20
[    4.475782] AVX2 version of gcm_enc/dec engaged.
[    4.479384] AES CTR mode by8 optimization enabled
[    4.593235] input: ImExPS/2 Generic Explorer Mouse as /devices/platform/i8042/serio1/input/input4
[    5.279456] e1000 0000:00:03.0 eth0: (PCI:33MHz:32-bit) 02:90:e9:96:cf:60
[    5.308186] e1000 0000:00:03.0 eth0: Intel(R) PRO/1000 Network Connection
[    7.858315] e1000 0000:00:08.0 eth1: (PCI:33MHz:32-bit) 08:00:27:c8:77:34
[    7.866557] e1000 0000:00:08.0 eth1: Intel(R) PRO/1000 Network Connection
[    7.880511] mptbase: ioc0: Initiating bringup
[    7.884968] e1000 0000:00:03.0 enp0s3: renamed from eth0
[    7.915492] e1000 0000:00:08.0 enp0s8: renamed from eth1
[    7.988996] ioc0: LSI53C1030 A0: Capabilities={Initiator}
[   10.377590] scsi host2: ioc0: LSI53C1030 A0, FwRev=00000000h, Ports=1, MaxQ=256, IRQ=20
[   11.768310] scsi 2:0:0:0: Direct-Access     VBOX     HARDDISK         1.0  PQ: 0 ANSI: 5
[   11.774851] scsi target2:0:0: Beginning Domain Validation
[   11.800715] scsi target2:0:0: Domain Validation skipping write tests
[   11.802775] scsi target2:0:0: Ending Domain Validation
[   11.807577] scsi target2:0:0: asynchronous
[   11.812749] scsi 2:0:1:0: Direct-Access     VBOX     HARDDISK         1.0  PQ: 0 ANSI: 5
[   11.816130] scsi target2:0:1: Beginning Domain Validation
[   11.824148] scsi target2:0:1: Domain Validation skipping write tests
[   11.828917] scsi target2:0:1: Ending Domain Validation
[   11.830983] scsi target2:0:1: asynchronous
[   11.849559] sd 2:0:0:0: [sda] 20971520 512-byte logical blocks: (10.7 GB/10.0 GiB)
[   11.849661] sd 2:0:0:0: Attached scsi generic sg0 type 0
[   11.856843] sd 2:0:1:0: Attached scsi generic sg1 type 0
[   11.864072] sd 2:0:1:0: [sdb] 20480 512-byte logical blocks: (10.5 MB/10.0 MiB)
[   11.864281] sd 2:0:0:0: [sda] Write Protect is off
[   11.864534] sd 2:0:0:0: [sda] Incomplete mode parameter data
[   11.864536] sd 2:0:0:0: [sda] Assuming drive cache: write through
[   11.884412] sd 2:0:1:0: [sdb] Write Protect is off
[   11.886723] sd 2:0:1:0: [sdb] Incomplete mode parameter data
[   11.893154] sd 2:0:1:0: [sdb] Assuming drive cache: write through
[   11.897384]  sda: sda1
[   11.900701] sd 2:0:0:0: [sda] Attached SCSI disk
[   11.905074] sd 2:0:1:0: [sdb] Attached SCSI disk
Begin: Loading essential drivers ... [   13.827566] md: linear personality registered for level -1
[   13.838191] md: multipath personality registered for level -4
[   13.945484] md: raid0 personality registered for level 0
[   13.957845] md: raid1 personality registered for level 1
[   14.043624] raid6: sse2x1   gen()  5579 MB/s
[   14.111511] raid6: sse2x1   xor()  4270 MB/s
[   14.181156] raid6: sse2x2   gen()  5520 MB/s
[   14.255030] raid6: sse2x2   xor()  3721 MB/s
[   14.327156] raid6: sse2x4   gen()  7707 MB/s
[   14.396043] raid6: sse2x4   xor()  5681 MB/s
[   14.472342] raid6: avx2x1   gen() 10804 MB/s
[   14.547241] raid6: avx2x2   gen() 10743 MB/s
[   14.615441] raid6: avx2x4   gen()  9969 MB/s
[   14.617726] raid6: using algorithm avx2x1 gen() 10804 MB/s
[   14.621284] raid6: using avx2x2 recovery algorithm
[   14.627404] xor: automatically using best checksumming function:
[   14.671256]    avx       : 18365.000 MB/sec
[   14.676217] async_tx: api initialized (async)
[   14.699399] md: raid6 personality registered for level 6
[   14.702594] md: raid5 personality registered for level 5
[   14.705707] md: raid4 personality registered for level 4
[   14.719895] md: raid10 personality registered for level 10
done.
Begin: Running /scripts/init-premount ... done.
Begin: Mounting root file system ... Begin: Running /scripts/local-top ... done.
Begin: Running /scripts/local-premount ... [   14.775986] Btrfs loaded
Scanning for Btrfs filesystems
done.
Warning: fsck not present, so skipping root file system
[   14.955800] EXT4-fs (sda1): mounted filesystem with ordered data mode. Opts: (null)
done.
Begin: Running /scripts/local-bottom ... done.
Begin: Running /scripts/init-bottom ... done.
[   15.600112] systemd[1]: systemd 229 running in system mode. (+PAM +AUDIT +SELINUX +IMA +APPARMOR +SMACK +SYSVINIT +UTMP +LIBCRYPTSETUP +GCRYPT +GNUTLS +ACL +XZ -LZ4 +SECCOMP +BLKID +ELFUTILS +KMOD -IDN)
[   15.617079] systemd[1]: Detected virtualization oracle.
[   15.619843] systemd[1]: Detected architecture x86-64.

Welcome to [1mUbuntu 16.04.6 LTS[0m!

[   15.647392] systemd[1]: Set hostname to <ubuntu>.
[   15.667045] systemd[1]: Initializing machine ID from random generator.
[   15.676541] systemd[1]: Installed transient /etc/machine-id file.
[   16.604426] systemd[1]: Reached target System Time Synchronized.
[[0;32m  OK  [0m] Reached target System Time Synchronized.
[   16.619926] systemd[1]: Started Forward Password Requests to Wall Directory Watch.
[[0;32m  OK  [0m] Started Forward Password Requests to Wall Directory Watch.
[   16.633236] systemd[1]: Set up automount Arbitrary Executable File Formats File System Automount Point.
[[0;32m  OK  [0m] Set up automount Arbitrary Executab...ats File System Automount Point.
[   16.642675] systemd[1]: Reached target Swap.
[[0;32m  OK  [0m] Reached target Swap.
[   16.646472] systemd[1]: Listening on Syslog Socket.
[[0;32m  OK  [0m] Listening on Syslog Socket.
[   16.652120] systemd[1]: Listening on udev Kernel Socket.
[[0;32m  OK  [0m] Listening on udev Kernel Socket.
[   16.660605] systemd[1]: Started Trigger resolvconf update for networkd DNS.
[[0;32m  OK  [0m] Started Trigger resolvconf update for networkd DNS.
[   16.676031] systemd[1]: Listening on udev Control Socket.
[[0;32m  OK  [0m] Listening on udev Control Socket.
[   16.688288] systemd[1]: Listening on Journal Audit Socket.
[[0;32m  OK  [0m] Listening on Journal Audit Socket.
[   16.694524] systemd[1]: Listening on LVM2 metadata daemon socket.
[[0;32m  OK  [0m] Listening on LVM2 metadata daemon socket.
[   16.730325] systemd[1]: Listening on Journal Socket (/dev/log).
[[0;32m  OK  [0m] Listening on Journal Socket (/dev/log).
[   16.827941] random: nonblocking pool is initialized
[   16.837940] systemd[1]: Reached target Encrypted Volumes.
[[0;32m  OK  [0m] Reached target Encrypted Volumes.
[   16.852244] systemd[1]: Created slice System Slice.
[[0;32m  OK  [0m] Created slice System Slice.
[   16.873940] systemd[1]: Created slice system-serial\x2dgetty.slice.
[[0;32m  OK  [0m] Created slice system-serial\x2dgetty.slice.
[   16.893407] systemd[1]: Listening on Journal Socket.
[[0;32m  OK  [0m] Listening on Journal Socket.
[   16.931832] systemd[1]: Starting Remount Root and Kernel File Systems...
         Starting Remount Root and Kernel File Systems...
[   16.955044] EXT4-fs (sda1): re-mounted. Opts: (null)
[   16.978211] systemd[1]: Starting Nameserver information manager...
         Starting Nameserver information manager...
[   16.998518] systemd[1]: Mounting Debug File System...
         Mounting Debug File System...
[   17.017510] systemd[1]: Mounting Huge Pages File System...
         Mounting Huge Pages File System...
[   17.034673] systemd[1]: Mounting POSIX Message Queue File System...
         Mounting POSIX Message Queue File System...
[   17.072725] systemd[1]: Starting Set console keymap...
         Starting Set console keymap...
[   17.105954] systemd[1]: Starting Uncomplicated firewall...
         Starting Uncomplicated firewall...
[   17.138906] systemd[1]: Reached target User and Group Name Lookups.
[[0;32m  OK  [0m] Reached target User and Group Name Lookups.
[   17.200884] systemd[1]: Starting Load Kernel Modules...
         Starting Load Kernel Modules...
[   17.209914] systemd[1]: Listening on LVM2 poll daemon socket.
[[0;32m  OK  [0m] Listening on LVM2 poll daemon socket.
[   17.217886] systemd[1]: Starting Create list of required static device nodes for the current kernel...
         Starting Create list of required st... nodes for the current kernel...
[   17.235445] systemd[1]: Listening on Device-mapper event daemon FIFOs.
[[0;32m  OK  [0m] Listening on Device-mapper event daemon FIFOs.
[   17.250497] Loading iSCSI transport class v2.0-870.
[   17.252828] systemd[1]: Starting Monitoring of LVM2 mirrors, snapshots etc. using dmeventd or progress polling...
         Starting Monitoring of LVM2 mirrors... dmeventd or progress polling...
[   17.267791] systemd[1]: Created slice User and Session Slice.
[[0;32m  OK  [0m] Created slice User and Session Slice.
[   17.283508] systemd[1]: Reached target Slices.
[[0;32m  OK  [0m] Reached target Slices.
[   17.310116] iscsi: registered transport (tcp)
[   17.324239] systemd[1]: Starting Journal Service...
         Starting Journal Service...
[   17.331306] systemd[1]: Listening on /dev/initctl Compatibility Named Pipe.
[[0;32m  OK  [0m] Listening on /dev/initctl Compatibility Named Pipe.
[   17.346551] systemd[1]: Mounted POSIX Message Queue File System.
[[0;32m  OK  [0m] Mounted POSIX Message Queue File System.
[   17.364846] systemd[1]: Mounted Huge Pages File System.
[[0;32m  OK  [0m] Mounted Huge Pages File System.
[   17.378642] systemd[1]: Mounted Debug File System.
[[0;32m  OK  [0m] Mounted Debug File System.
[   17.401366] systemd[1]: Started Remount Root and Kernel File Systems.
[[0;32m  OK  [0m] Started Remount Root and Kernel File Systems.
[   17.460179] systemd[1]: Started Set console keymap.
[[0;32m  OK  [0m] Started Set console keymap.
[   17.492292] systemd[1]: Started Uncomplicated firewall.
[[0;32m  OK  [0m] Started Uncomplicated firewall.
[   17.511310] systemd[1]: Started Create list of required static device nodes for the current kernel.
[   17.519787] iscsi: registered transport (iser)
[[0;32m  OK  [0m] Started Create list of required sta...ce nodes for the current kernel.
[   17.552100] systemd[1]: Started Load Kernel Modules.
[[0;32m  OK  [0m] Started Load Kernel Modules.
[   17.615776] systemd[1]: Started Nameserver information manager.
[[0;32m  OK  [0m] Started Nameserver information manager.
[   17.641114] systemd[1]: Started Journal Service.
[[0;32m  OK  [0m] Started Journal Service.
[[0;32m  OK  [0m] Started LVM2 metadata daemon.
         Starting Apply Kernel Variables...
         Mounting FUSE Control File System...
         Starting Create Static Device Nodes in /dev...
         Starting udev Coldplug all Devices...
         Starting Load/Save Random Seed...
         Starting Flush Journal to Persistent Storage...
[[0;32m  OK  [0m] Mounted FUSE Control File System.
[[0;32m  OK  [0m] Started Apply Kernel Variables.
[[0;32m  OK  [0m] Started Load/Save Random Seed.
[[0;32m  OK  [0m] Started Flush Journal to Persistent Storage.
[[0;32m  OK  [0m] Started Create Static Device Nodes in /dev.
         Starting udev Kernel Device Manager...
[[0;32m  OK  [0m] Started Monitoring of LVM2 mirrors,...ng dmeventd or progress polling.
[[0;32m  OK  [0m] Reached target Local File Systems (Pre).
[[0;32m  OK  [0m] Reached target Local File Systems.
         Starting Create Volatile Files and Directories...
         Starting LSB: AppArmor initialization...
         Starting Tell Plymouth To Write Out Runtime Data...
         Starting Set console font and keymap...
         Starting Initial cloud-init job (pre-networking)...
         Starting Commit a transient machine-id on disk...
[[0;32m  OK  [0m] Started udev Coldplug all Devices.
[[0;32m  OK  [0m] Started Tell Plymouth To Write Out Runtime Data.
[[0;32m  OK  [0m] Started Create Volatile Files and Directories.
         Starting Update UTMP about System Boot/Shutdown...
[[0;32m  OK  [0m] Started Update UTMP about System Boot/Shutdown.
[[0;32m  OK  [0m] Started Commit a transient machine-id on disk.
[[0;32m  OK  [0m] Started udev Kernel Device Manager.
[[0;32m  OK  [0m] Started Dispatch Password Requests to Console Directory Watch.
[[0;32m  OK  [0m] Found device /dev/ttyS0.
[[0;32m  OK  [0m] Listening on Load/Save RF Kill Switch Status /dev/rfkill Watch.
[[0;32m  OK  [0m] Started Set console font and keymap.
[[0;32m  OK  [0m] Created slice system-getty.slice.
[[0;32m  OK  [0m] Started LSB: AppArmor initialization.
[   23.379254] cloud-init[473]: Cloud-init v. 19.4-33-gbb4131a2-0ubuntu1~16.04.1 running 'init-local' at Thu, 23 Apr 2020 15:54:03 +0000. Up 22.08 seconds.
[[0;32m  OK  [0m] Started Initial cloud-init job (pre-networking).
[[0;32m  OK  [0m] Reached target Network (Pre).
         Starting Raise network interfaces...
[[0;32m  OK  [0m] Started Raise network interfaces.
         Starting Initial cloud-init job (metadata service crawler)...
[[0;32m  OK  [0m] Reached target Network.
[   26.661993] cloud-init[941]: Cloud-init v. 19.4-33-gbb4131a2-0ubuntu1~16.04.1 running 'init' at Thu, 23 Apr 2020 15:54:06 +0000. Up 25.20 seconds.
[   26.671918] cloud-init[941]: ci-info: ++++++++++++++++++++++++++++++++++++++Net device info+++++++++++++++++++++++++++++++++++++++
[   26.684410] cloud-init[941]: ci-info: +--------+-------+----------------------------+---------------+--------+-------------------+
[   26.695585] cloud-init[941]: ci-info: | Device |   Up  |          Address           |      Mask     | Scope  |     Hw-Address    |
[   26.705565] cloud-init[941]: ci-info: +--------+-------+----------------------------+---------------+--------+-------------------+
[   26.715614] cloud-init[941]: ci-info: | enp0s3 |  True |         10.0.2.15          | 255.255.255.0 | global | 02:90:e9:96:cf:60 |
[   26.721562] cloud-init[941]: ci-info: | enp0s3 |  True | fe80::90:e9ff:fe96:cf60/64 |       .       |  link  | 02:90:e9:96:cf:60 |
[   26.758046] cloud-init[941]: ci-info: | enp0s8 | False |             .              |       .       |   .    | 08:00:27:c8:77:34 |
[   26.772095] cloud-init[941]: ci-info: |   lo   |  True |         127.0.0.1          |   255.0.0.0   |  host  |         .         |
[   26.783589] cloud-init[941]: ci-info: |   lo   |  True |          ::1/128           |       .       |  host  |         .         |
[   26.790519] cloud-init[941]: ci-info: +--------+-------+----------------------------+---------------+--------+-------------------+
[   26.799707] cloud-init[941]: ci-info: +++++++++++++++++++++++++++Route IPv4 info++++++++++++++++++++++++++++
[   26.821650] cloud-init[941]: ci-info: +-------+-------------+----------+---------------+-----------+-------+
[   26.834351] cloud-init[941]: ci-info: | Route | Destination | Gateway  |    Genmask    | Interface | Flags |
[   26.848390] cloud-init[941]: ci-info: +-------+-------------+----------+---------------+-----------+-------+
[   26.950101] cloud-init[941]: ci-info: |   0   |   0.0.0.0   | 10.0.2.2 |    0.0.0.0    |   enp0s3  |   UG  |
[   26.970484] cloud-init[941]: ci-info: |   1   |   10.0.2.0  | 0.0.0.0  | 255.255.255.0 |   enp0s3  |   U   |
[   27.018740] cloud-init[941]: ci-info: +-------+-------------+----------+---------------+-----------+-------+
[   27.051416] cloud-init[941]: ci-info: +++++++++++++++++++Route IPv6 info+++++++++++++++++++
[   27.055737] cloud-init[941]: ci-info: +-------+-------------+---------+-----------+-------+
[   27.069916] cloud-init[941]: ci-info: | Route | Destination | Gateway | Interface | Flags |
[[0;32m  OK  [0m] Started Initial cloud-init job (metadata service crawler).
[   27.084875] cloud-init[941]: ci-info: +-------+-------------+---------+-----------+-------+
[[   27.089457] [0;32m  OK  [0m] Reached target Network is Online.
cloud-init[941]: ci-info: |   0   |  fe80::/64  |    ::   |   enp0s3  |   U   |
[   27.119344] cloud-init[941]: ci-info: |   3   |   ff00::/8  |    ::   |   enp0s3  |   U   |
[   27.136449] cloud-init[941]: ci-info: +-------+-------------+---------+-----------+-------+
[   27.139461] cloud-init         [941]: Starting iSCSI initiator daemon (iscsid)...Generating public/private rsa key pair.

[[0;32m  OK  [0m] Reached target Cloud-config availability.
[   27.155465] [cloud-init[0;32m  OK  [0m[941]: ] Your identification has been saved in /etc/ssh/ssh_host_rsa_key.Reached target System Initialization.

[[0;32m  OK  [0m] Started Daily Cleanup of Temporary Directories.
[[0;32m  OK  [0m] Started Message of the Day.
[   27.161110] cloud-init[941]: Your public key has been saved in /etc/ssh/ssh_host_rsa_key.pub.
[[0;32m  OK  [0m] Listening on ACPID Listen Socket.
[   27.169906] cloud-init[941]: The key fingerprint is:
[[0;32m  OK  [0m] Listening on UUID daemon activation socket.
[   27.221722] cloud-init[941]: SHA256:Y2kYkeqjpVdrwokgevfNYIETvbZwcBAvaOj2F9/Z2Ho root@ubuntu-xenial
         Starting LXD - unix socket.
         Starting Socket activation for snappy daemon.
[   27.246677] [cloud-init[0;32m  OK  [0m[941]: ] The key's randomart image is:Started Daily apt download activities.

[   27.258995] [cloud-init[0;32m  OK  [0m[941]: ] +---[RSA 2048]----+Started Daily apt upgrade and clean activities.

[[0;32m  OK  [0m] Reached target Timers.
[   27.268014] cloud-init[941]: |    o...         |
[   27.305325] cloud-init[941]: | . . +..         |
[[0;32m  OK  [0m] Started ACPI Events Check.
[[0;32m  OK  [0m] Reached target Paths.
[[0;32m  OK  [0m] Listening on D-Bus System Message Bus Socket.
[   27.314516] cloud-init[941]: |. o +.=          |
[   27.330730] cloud-init[941]: |..  .* + .       |
[   27.338494] cloud-init[941]: | o .+.* S        |
[[0;32m  OK  [0m] Listening on LXD - unix socket.
[   27.356869] cloud-init[941]: |+ . +=+=..=      |
[[0;32m  OK  [0m] Listening on Socket activation for snappy daemon.
[[0;32m  OK  [0m] Reached target Sockets.
[[0;32m  OK  [0m] Reached target Basic System.
         Starting Virtualbox guest utils...
[   27.389035] cloud-init[941]: |o. B =+o + o     |
[   27.406075] cloud-init[941]: |. = B.o+  .E     |
[   27.424722] cloud-init[941]: | . o +. o..      |
[   27.447696] cloud-init[941]: +----[SHA256]-----+
[   27.453740] cloud-init[941]: Generating public/private dsa key pair.
         Starting LSB: MD monitoring daemon...
[   27.485276] cloud-init[941]: Your identification has been saved in /etc/ssh/ssh_host_dsa_key.
[   27.500767] cloud-init[941]: Your public key has been saved in /etc/ssh/ssh_host_dsa_key.pub.
[   27.518036] cloud-init[941]: The key fingerprint is:
[   27.529654] cloud-init[941]: SHA256:ElJosAJTWON4z4C+/E3O8C3QzoMoJeVwHL6lqlqP/6Q root@ubuntu-xenial
         Starting Snappy daemon...
[[0;32m  OK  [0m] Started FUSE filesystem for LXC.
[   27.531203] cloud-init[941]: The key's randomart image is:
[   27.562148] cloud-init[941]: +---[DSA 1024]----+
[   27.569371] cloud-init[941]: |o+=. ..          |
[   27.586579] cloud-init[941]: |o=.oo.           |
[[0;32m  OK  [0m] Started Regular background program processing daemon.
         Starting Pollinate to seed the pseudo random number generator...
[   27.586712] cloud-init[941]: |+o=o. .          |
[[0;32m  OK  [0m] Started ACPI event daemon.
         [   27.630976] cloud-init[941]: |oo=+.. .         |
[   27.653868] cloud-init[941]: | * ++ . S        |
[   27.653962] cloud-init[941]: |o *. . .         |
Starting Accounts Service...
         Starting LSB: Record successful boot for GRUB...
         Starting LXD - container startup/shutdown...
[   27.674654] cloud-init         Starting Login Service...
[941]: | *o.=..          |
[   27.717948] cloud-init[941]: |oo.+BB.          |
         Starting System Logging Service...
[   27.731681] [[0;32m  OK  [0m] Started D-Bus System Message Bus.
cloud-init[941]: |* .oE*+.         |
[   27.749710] cloud-init[941]: +----[SHA256]-----+
[   27.754290] cloud-init[941]: Generating public/private ecdsa key pair.
[   27.757808] cloud-init[941]: Your identification has been saved in /etc/ssh/ssh_host_ecdsa_key.
[   27.763785] cloud-init[941]: Your public key has been saved in /etc/ssh/ssh_host_ecdsa_key.pub.
[   27.768975] cloud-init[941]: The key fingerprint is:
[   27.774120] cloud-init[941]: SHA256:e+B4ueZJmm6J2cZxPr1EWJjoHfx6P3BAQ3P864N1JIg root@ubuntu-xenial
[   27.786496] cloud-init[941]: The key's randomart image is:
[   27.788513] cloud-init[941]: +---[ECDSA 256]---+
[   27.796288] cloud-init[941]: |         .o..    |
[   27.807613] cloud-init[941]: |       o ooo.    |
[   27.870482] cloud-init[941]: |      . =..o o   |
[   27.878305] cloud-init[941]: |     . . =E . o .|
[   27.904476] cloud-init[941]: |      . S o.   + |
[   27.923305] cloud-init[941]: |      .o.*. . o .|
[   27.933131] cloud-init[941]: |     =.=B.+o + . |
[   27.941653] cloud-init[941]: |    o *=+*..o o  |
[   27.952835] cloud-init[941]: |     ++o+..... . |
[   27.964369] cloud-init[941]: +----[SHA256]-----+
[   27.970137] cloud-init[941]: Generating public/private ed25519 key pair.
[   27.982781] cloud-init[941]: Your identification has been saved in /etc/ssh/ssh_host_ed25519_key.
[   27.998801] cloud-init[941]: Your public key has been saved in /etc/ssh/ssh_host_ed25519_key.pub.
[   28.021285] cloud-init[941]: The key fingerprint is:
[   28.024785] cloud-init[941]: SHA256:cgysmYyX6Y99Div/vQb1KkxW1GQ3JI/JdcdbEPzFdwY root@ubuntu-xenial
[   28.035615] cloud-init[941]: The key's randomart image is:
[   28.047939] cloud-init[941]: +--[ED25519 256]--+
[   28.055782] cloud-init[941]: |           o+oE*o|
[   28.104306] cloud-init[941]: |     .    .o.B.oX|
[[0;32m  OK  [0m] Started Deferred execution scheduler.
         Starting /etc/rc.local Compatibility...
[[0;32m  OK  [0m] Started System Logging Service.
[[0;32m  OK  [0m] Started iSCSI initiator daemon (iscsid).
[[0;32m  OK  [0m] Started /etc/rc.local Compatibility.
[   28.151511] cloud-init[941]: |      o  .  + .o*|
[   28.206210] cloud-init[941]: |   o * o  o    ..|
[   28.218921] cloud-init[941]: |  . O . So .     |
         Starting Login to default iSCSI targets...
[[0;32m  OK  [0m] Started Login Service.
[   28.245450] cloud-init[941]: |   o   o+   .    |
[[0;32m  OK  [0m] [   28.351053] cloud-initStarted Unattended Upgrades Shutdown.
[941]: [[0;32m  OK  [0m] Started LSB: Record successful boot for GRUB.
|    . .+ . .     |
         Starting Authenticate and Authorize Users to Run Privileged Tasks...
[   28.525087] cloud-init[941]: |    .+ o+.o      |[[0;32m  OK  [0m] Started LSB: MD monitoring daemon.

[   28.566677] [[0;32m  OK  [0m] Started Login to default iSCSI targets.
cloud-init[941]: |    .o=+ooo.     |
[   28.574487] cloud-init[941]: +----[SHA256]-----+
[[0;32m  OK  [0m] Reached target Remote File Systems (Pre).
[[0;32m  OK  [0m] Reached target Remote File Systems.
         Starting LSB: daemon to balance interrupts for SMP systems...
         Starting LSB: automatic crash report generation...
         Starting LSB: Set the CPU Frequency Scaling governor to "ondemand"...
         Starting Permit User Sessions...
[[0;32m  OK  [0m] Started Permit User Sessions.
         Starting Hold until boot process finishes up...
         Starting Terminate Plymouth Boot Screen...
[[0;32m  OK  [0m] Started Hold until boot process finishes up.
[[0;32m  OK  [0m] Started Terminate Plymouth Boot Screen.
         Starting Set console scheme...
[[0;32m  OK  [0m] Started Serial Getty on ttyS0.
[[0;32m  OK  [0m] Started Getty on tty1.
[[0;32m  OK  [0m] Reached target Login Prompts.
[[0;32m  OK  [0m] Started Set console scheme.
[[0;32m  OK  [0m] Started Authenticate and Authorize Users to Run Privileged Tasks.
[[0;32m  OK  [0m] Started LXD - container startup/shutdown.
[[0;32m  OK  [0m] Started Accounts Service.
[[0;32m  OK  [0m] Started LSB: Set the CPU Frequency Scaling governor to "ondemand".
[[0;32m  OK  [0m] Started LSB: automatic crash report generation.
[[0;32m  OK  [0m] Started LSB: daemon to balance interrupts for SMP systems.
[[0;32m  OK  [0m] Started Virtualbox guest utils.
[[0;32m  OK  [0m] Started Snappy daemon.
         Starting Wait until snapd is fully seeded...
[[0;32m  OK  [0m] Started Pollinate to seed the pseudo random number generator.
         Starting OpenBSD Secure Shell server...
[[0;32m  OK  [0m] Started OpenBSD Secure Shell server.
[[0;32m  OK  [0m] Created slice User Slice of vagrant.
         Starting User Manager for UID 1000...
[[0;32m  OK  [0m] Started Session 1 of user vagrant.
[[0;32m  OK  [0m] Started User Manager for UID 1000.
[[0;32m  OK  [0m] Started Wait until snapd is fully seeded.
         Starting Apply the settings specified in cloud-config...
[[0;32m  OK  [0m] Reached target Multi-User System.
[[0;32m  OK  [0m] Reached target Graphical Interface.
         Starting Update UTMP about System Runlevel Changes...
[[0;32m  OK  [0m] Started Update UTMP about System Runlevel Changes.
[   33.798791] cloud-init[1366]: Generating locales (this might take a while)...

Ubuntu 16.04.6 LTS ubuntu-xenial ttyS0

ubuntu-xenial login: [   37.827843] cloud-init[1366]:   en_US.UTF-8... done
[   37.845505] cloud-init[1366]: Generation complete.
[   39.400443] cloud-init[1366]: Cloud-init v. 19.4-33-gbb4131a2-0ubuntu1~16.04.1 running 'modules:config' at Thu, 23 Apr 2020 15:54:14 +0000. Up 33.33 seconds.
ci-info: no authorized SSH keys fingerprints found for user ubuntu.
<14>Apr 23 15:54:21 ec2: 
<14>Apr 23 15:54:21 ec2: #############################################################
<14>Apr 23 15:54:21 ec2: -----BEGIN SSH HOST KEY FINGERPRINTS-----
<14>Apr 23 15:54:21 ec2: 1024 SHA256:ElJosAJTWON4z4C+/E3O8C3QzoMoJeVwHL6lqlqP/6Q root@ubuntu-xenial (DSA)
<14>Apr 23 15:54:21 ec2: 256 SHA256:e+B4ueZJmm6J2cZxPr1EWJjoHfx6P3BAQ3P864N1JIg root@ubuntu-xenial (ECDSA)
<14>Apr 23 15:54:21 ec2: 256 SHA256:cgysmYyX6Y99Div/vQb1KkxW1GQ3JI/JdcdbEPzFdwY root@ubuntu-xenial (ED25519)
<14>Apr 23 15:54:21 ec2: 2048 SHA256:Y2kYkeqjpVdrwokgevfNYIETvbZwcBAvaOj2F9/Z2Ho root@ubuntu-xenial (RSA)
<14>Apr 23 15:54:21 ec2: -----END SSH HOST KEY FINGERPRINTS-----
<14>Apr 23 15:54:21 ec2: #############################################################
-----BEGIN SSH HOST KEY KEYS-----
ecdsa-sha2-nistp256 AAAAE2VjZHNhLXNoYTItbmlzdHAyNTYAAAAIbmlzdHAyNTYAAABBBMdyDmD3leaTQ5Aa3FWV4wziVNdTviI0sx+ojIeWapdrpo1LxXOk77c0obVi5snSSkkQ9Ph5d6UwLKQ9VG2RTTM= root@ubuntu-xenial
ssh-ed25519 AAAAC3NzaC1lZDI1NTE5AAAAIKA+n/MB1ufFcTWJbLTXlouM2Hlk/roRidtLMbE+l/zG root@ubuntu-xenial
ssh-rsa AAAAB3NzaC1yc2EAAAADAQABAAABAQDWyKYU9DlaE9tHYPOnNr3e7WpUsQ2b+akDzmCEhhi4+WR/C/NrsYVClCqM9ZBxFcqU95LgXGJBIr09W8Qg+yOxVqCn0nP6fcWLbsPChDXvvXtjKb/q9HONDlhDgiblFp7mT4w4rn1AF/s3+oJyEr/WvvwBCOv5jRioxq3r1MF786V8uWXq6Co6uXOKUjso493/C7FRwYj03hCDDtoaBN2EEQWhPpeKpEj+uPfjCKJsKTCbGUxm2UhG88TrlmqDaoGUlr62Wb0s4TZNKrjfFTi1U+EYkI12QHtMr044S6XwMI7JFQQciwF8HFDK3Jdcng5dMk8x/gsSx0p4R0XjMXbJ root@ubuntu-xenial
-----END SSH HOST KEY KEYS-----
[   40.564097] cloud-init[1624]: Cloud-init v. 19.4-33-gbb4131a2-0ubuntu1~16.04.1 running 'modules:final' at Thu, 23 Apr 2020 15:54:21 +0000. Up 40.30 seconds.
[   40.567882] cloud-init[1624]: ci-info: no authorized SSH keys fingerprints found for user ubuntu.
[   40.570279] cloud-init[1624]: Cloud-init v. 19.4-33-gbb4131a2-0ubuntu1~16.04.1 finished at Thu, 23 Apr 2020 15:54:21 +0000. Datasource DataSourceNoCloud [seed=/dev/sdb][dsmode=net].  Up 40.54 seconds
